Arguments: 
  /home/donacosarl/.nvm/versions/node/v16.19.0/bin/node /home/donacosarl/.nvm/versions/node/v16.19.0/bin/yarn init @eslint/config

PATH: 
  /media/donacosarl/New\ Volume/Env/android/cmdline-tools/bin:/media/donacosarl/New\ Volume/Env/android/bin:/media/donacosarl/New\ Volume/Env/android/cmdline-tools/bin:/media/donacosarl/New\ Volume/Env/android/bin:/home/donacosarl/.nvm/versions/node/v16.19.0/bin:/media/donacosarl/New\ Volume/Env/android/cmdline-tools/bin:/media/donacosarl/New\ Volume/Env/android/bin:/usr/local/sbin:/usr/local/bin:/usr/sbin:/usr/bin:/sbin:/bin:/usr/games:/usr/local/games:/snap/bin:/snap/bin:/media/donacosarl/804549c8-1f6e-4383-a24c-d06509b171e7/Env/androidsdk/emulator:/media/donacosarl/804549c8-1f6e-4383-a24c-d06509b171e7/Env/androidsdk/platform-tools:/media/donacosarl/804549c8-1f6e-4383-a24c-d06509b171e7/Env/androidsdk/emulator:/media/donacosarl/804549c8-1f6e-4383-a24c-d06509b171e7/Env/androidsdk/platform-tools:/media/donacosarl/804549c8-1f6e-4383-a24c-d06509b171e7/Env/androidsdk/emulator:/media/donacosarl/804549c8-1f6e-4383-a24c-d06509b171e7/Env/androidsdk/platform-tools

Yarn version: 
  1.22.19

Node version: 
  16.19.0

Platform: 
  linux x64

Trace: 
  Error: canceled
      at Interface.<anonymous> (/home/donacosarl/.nvm/versions/node/v16.19.0/lib/node_modules/yarn/lib/cli.js:137150:13)
      at Interface.emit (node:events:513:28)
      at Interface._ttyWrite (node:readline:1085:16)
      at ReadStream.onkeypress (node:readline:291:10)
      at ReadStream.emit (node:events:513:28)
      at emitKeys (node:internal/readline/utils:357:14)
      at emitKeys.next (<anonymous>)
      at ReadStream.onData (node:internal/readline/emitKeypressEvents:61:36)
      at ReadStream.emit (node:events:513:28)
      at addChunk (node:internal/streams/readable:315:12)

npm manifest: 
  {
    "name": "typescriptprep",
    "version": "1.0.0",
    "main": "index.js",
    "scripts": {
      "build": "tsc"
    },
    "license": "MIT",
    "author": "Festus D. CODJO"
  }

yarn manifest: 
  No manifest

Lockfile: 
  No lockfile
